1. The Shawshank Redemption - Frank Darabont
2. The Godfather - Francis Ford Coppola
3. The Dark Knight - Christopher Nolan
4. The Godfather Part II - Francis Ford Coppola
5. 12 Angry Men - Sidney Lumet
6. Schindler's List - Steven Spielberg
7. The Lord of the Rings: The Return of the King - Peter Jackson
8. Pulp Fiction - Quentin Tarantino
9. The Lord of the Rings: The Fellowship of the Ring - Peter Jackson
10. The Good, the Bad and the Ugly - Sergio Leone
11. Forrest Gump - Robert Zemeckis
12. Fight Club - David Fincher
13. The Lord of the Rings: The Two Towers - Peter Jackson
14. Inception - Christopher Nolan
15. Star Wars: Episode V - The Empire Strikes Back - Irvin Kershner
16. The Matrix - Lana Wachowski
17. Goodfellas - Martin Scorsese
18. One Flew Over the Cuckoo's Nest - Milos Forman
19. Se7en - David Fincher
20. It's a Wonderful Life - Frank Capra
21. Seven Samurai - Akira Kurosawa
22. Interstellar - Christopher Nolan
23. The Silence of the Lambs - Jonathan Demme
24. Saving Private Ryan - Steven Spielberg
25. City of God - Fernando Meirelles
26. Life Is Beautiful - Roberto Benigni
27. Spider-Man: Across the Spider-Verse - Joaquim Dos Santos
28. The Green Mile - Frank Darabont
29. Star Wars: Episode IV - A New Hope - George Lucas
30. Terminator 2: Judgment Day - James Cameron
31. Back to the Future - Robert Zemeckis
32. Spirited Away - Hayao Miyazaki
33. The Pianist - Roman Polanski
34. Psycho - Alfred Hitchcock
35. Parasite - Bong Joon Ho
36. Gladiator - Ridley Scott
37. The Lion King - Roger Allers
38. Léon: The Professional - Luc Besson
39. American History X - Tony Kaye
40. The Departed - Martin Scorsese
41. Whiplash - Damien Chazelle
42. The Prestige - Christopher Nolan
43. The Usual Suspects - Bryan Singer
44. Grave of the Fireflies - Isao Takahata
45. Harakiri - Masaki Kobayashi
46. Casablanca - Michael Curtiz
47. The Intouchables - Olivier Nakache
48. Modern Times - Charles Chaplin
49. Cinema Paradiso - Giuseppe Tornatore
50. Once Upon a Time in the West - Sergio Leone
51. Rear Window - Alfred Hitchcock
52. Alien - Ridley Scott
53. City Lights - Charles Chaplin
54. Apocalypse Now - Francis Ford Coppola
55. Django Unchained - Quentin Tarantino
56. Memento - Christopher Nolan
57. Raiders of the Lost Ark - Steven Spielberg
58. WALL·E - Andrew Stanton
59. Oppenheimer - Christopher Nolan
60. The Lives of Others - Florian Henckel von Donnersmarck
61. Sunset Blvd. - Billy Wilder
62. Paths of Glory - Stanley Kubrick
63. Avengers: Infinity War - Anthony Russo
64. The Shining - Stanley Kubrick
65. The Great Dictator - Charles Chaplin
66. Witness for the Prosecution - Billy Wilder
67. Spider-Man: Into the Spider-Verse - Bob Persichetti
68. Aliens - James Cameron
69. Inglourious Basterds - Quentin Tarantino
70. The Dark Knight Rises - Christopher Nolan
71. American Beauty - Sam Mendes
72. Dr. Strangelove or: How I Learned to Stop Worrying and Love the Bomb - Stanley Kubrick
73. Oldboy - Park Chan-wook
74. Coco - Lee Unkrich
75. Amadeus - Milos Forman
76. Toy Story - John Lasseter
77. Das Boot - Wolfgang Petersen
78. Braveheart - Mel Gibson
79. Avengers: Endgame - Anthony Russo
80. Joker - Todd Phillips
81. Princess Mononoke - Hayao Miyazaki
82. Good Will Hunting - Gus Van Sant
83. Your Name. - Makoto Shinkai
84. Once Upon a Time in America - Sergio Leone
85. High and Low - Akira Kurosawa
86. 3 Idiots - Rajkumar Hirani
87. Singin' in the Rain - Stanley Donen
88. Capernaum - Nadine Labaki
89. Requiem for a Dream - Darren Aronofsky
90. Come and See - Elem Klimov
91. Toy Story 3 - Lee Unkrich
92. Star Wars: Episode VI - Return of the Jedi - Richard Marquand
93. Eternal Sunshine of the Spotless Mind - Michel Gondry
94. 2001: A Space Odyssey - Stanley Kubrick
95. The Hunt - Thomas Vinterberg
96. Reservoir Dogs - Quentin Tarantino
97. Ikiru - Akira Kurosawa
98. Lawrence of Arabia - David Lean
99. The Apartment - Billy Wilder
100. Citizen Kane - Orson Welles
101. M - Fritz Lang
102. North by Northwest - Alfred Hitchcock
103. Vertigo - Alfred Hitchcock
104. Double Indemnity - Billy Wilder
105. Amélie - Jean-Pierre Jeunet
106. Scarface - Brian De Palma
107. Full Metal Jacket - Stanley Kubrick
108. A Clockwork Orange - Stanley Kubrick
109. Incendies - Denis Villeneuve
110. Heat - Michael Mann
111. Up - Pete Docter
112. To Kill a Mockingbird - Robert Mulligan
113. Hamilton - Thomas Kail
114. The Sting - George Roy Hill
115. A Separation - Asghar Farhadi
116. Indiana Jones and the Last Crusade - Steven Spielberg
117. Metropolis - Fritz Lang
118. Die Hard - John McTiernan
119. Like Stars on Earth - Aamir Khan
120. Snatch - Guy Ritchie
121. Bicycle Thieves - Vittorio De Sica
122. L.A. Confidential - Curtis Hanson
123. Taxi Driver - Martin Scorsese
124. 1917 - Sam Mendes
125. Downfall - Oliver Hirschbiegel
126. Dangal - Nitesh Tiwari
127. For a Few Dollars More - Sergio Leone
128. Batman Begins - Christopher Nolan
129. Top Gun: Maverick - Joseph Kosinski
130. Some Like It Hot - Billy Wilder
131. The Kid - Charles Chaplin
132. The Wolf of Wall Street - Martin Scorsese
133. The Father - Florian Zeller
134. Green Book - Peter Farrelly
135. All About Eve - Joseph L. Mankiewicz
136. Judgment at Nuremberg - Stanley Kramer
137. The Truman Show - Peter Weir
138. There Will Be Blood - Paul Thomas Anderson
139. Casino - Martin Scorsese
140. Ran - Akira Kurosawa
141. Shutter Island - Martin Scorsese
142. Pan's Labyrinth - Guillermo del Toro
143. Jurassic Park - Steven Spielberg
144. The Sixth Sense - M. Night Shyamalan
145. Unforgiven - Clint Eastwood
146. A Beautiful Mind - Ron Howard
147. No Country for Old Men - Ethan Coen
148. The Treasure of the Sierra Madre - John Huston
149. Yojimbo - Akira Kurosawa
150. Kill Bill: Vol. 1 - Quentin Tarantino
151. The Thing - John Carpenter
152. Monty Python and the Holy Grail - Terry Gilliam
153. The Great Escape - John Sturges
154. Finding Nemo - Andrew Stanton
155. Rashomon - Akira Kurosawa
156. The Elephant Man - David Lynch
157. Chinatown - Roman Polanski
158. Howl's Moving Castle - Hayao Miyazaki
159. Dial M for Murder - Alfred Hitchcock
160. Gone with the Wind - Victor Fleming
161. V for Vendetta - James McTeigue
162. Prisoners - Denis Villeneuve
163. Raging Bull - Martin Scorsese
164. Lock, Stock and Two Smoking Barrels - Guy Ritchie
165. The Secret in Their Eyes - Juan José Campanella
166. Inside Out - Pete Docter
167. Spider-Man: No Way Home - Jon Watts
168. Three Billboards Outside Ebbing, Missouri - Martin McDonagh
169. Trainspotting - Danny Boyle
170. The Bridge on the River Kwai - David Lean
171. Fargo - Joel Coen
172. Warrior - Gavin O'Connor
173. Catch Me If You Can - Steven Spielberg
174. Gran Torino - Clint Eastwood
175. My Neighbor Totoro - Hayao Miyazaki
176. Million Dollar Baby - Clint Eastwood
177. Klaus - Sergio Pablos
178. Harry Potter and the Deathly Hallows: Part 2 - David Yates
179. Children of Heaven - Majid Majidi
180. Blade Runner - Ridley Scott
181. 12 Years a Slave - Steve McQueen
182. Before Sunrise - Richard Linklater
183. The Grand Budapest Hotel - Wes Anderson
184. Ben-Hur - William Wyler
185. The Gold Rush - Charles Chaplin
186. Barry Lyndon - Stanley Kubrick
187. Gone Girl - David Fincher
188. Hacksaw Ridge - Mel Gibson
189. In the Name of the Father - Jim Sheridan
190. On the Waterfront - Elia Kazan
191. Memories of Murder - Bong Joon Ho
192. The General - Clyde Bruckman
193. The Deer Hunter - Michael Cimino
194. Wild Strawberries - Ingmar Bergman
195. Wild Tales - Damián Szifron
196. The Third Man - Carol Reed
197. Dead Poets Society - Peter Weir
198. The Wages of Fear - Henri-Georges Clouzot
199. Sherlock Jr. - Buster Keaton
200. Mad Max: Fury Road - George Miller
201. Monsters, Inc. - Pete Docter
202. Mr. Smith Goes to Washington - Frank Capra
203. Jaws - Steven Spielberg
204. How to Train Your Dragon - Dean DeBlois
205. Mary and Max - Adam Elliot
206. Ford v Ferrari - James Mangold
207. The Seventh Seal - Ingmar Bergman
208. Room - Lenny Abrahamson
209. The Big Lebowski - Joel Coen
210. Ratatouille - Brad Bird
211. Tokyo Story - Yasujirô Ozu
212. Rocky - John G. Avildsen
213. Hotel Rwanda - Terry George
214. Logan - James Mangold
215. Spotlight - Tom McCarthy
216. Platoon - Oliver Stone
217. The Passion of Joan of Arc - Carl Theodor Dreyer
218. The Terminator - James Cameron
219. Jai Bhim - T.J. Gnanavel
220. Before Sunset - Richard Linklater
221. Rush - Ron Howard
222. Network - Sidney Lumet
223. The Exorcist - William Friedkin
224. The Best Years of Our Lives - William Wyler
225. Stand by Me - Rob Reiner
226. La haine - Mathieu Kassovitz
227. The Wizard of Oz - Victor Fleming
228. Pirates of the Caribbean: The Curse of the Black Pearl - Gore Verbinski
229. The Incredibles - Brad Bird
230. Into the Wild - Sean Penn
231. Hachi: A Dog's Tale - Lasse Hallström
232. My Father and My Son - Çagan Irmak
233. To Be or Not to Be - Ernst Lubitsch
234. The Handmaiden - Park Chan-wook
235. Groundhog Day - Harold Ramis
236. The Battle of Algiers - Gillo Pontecorvo
237. The Grapes of Wrath - John Ford
238. Amores Perros - Alejandro G. Iñárritu
239. The Sound of Music - Robert Wise
240. Rebecca - Alfred Hitchcock
241. Cool Hand Luke - Stuart Rosenberg
242. The Iron Giant - Brad Bird
243. Pather Panchali - Satyajit Ray
244. It Happened One Night - Frank Capra
245. The Help - Tate Taylor
246. The 400 Blows - François Truffaut
247. Aladdin - Ron Clements
248. Dances with Wolves - Kevin Costner
249. Drishyam - Nishikant Kamat
250. Life of Brian - Terry Jones
1. The Shawshank Redemption - Frank Darabont
2. The Godfather - Francis Ford Coppola
3. The Dark Knight - Christopher Nolan
4. The Godfather Part II - Francis Ford Coppola
5. 12 Angry Men - Sidney Lumet
6. Schindler's List - Steven Spielberg
7. The Lord of the Rings: The Return of the King - Peter Jackson
8. Pulp Fiction - Quentin Tarantino
9. The Lord of the Rings: The Fellowship of the Ring - Peter Jackson
10. The Good, the Bad and the Ugly - Sergio Leone
11. Forrest Gump - Robert Zemeckis
12. Fight Club - David Fincher
13. The Lord of the Rings: The Two Towers - Peter Jackson
14. Inception - Christopher Nolan
15. Star Wars: Episode V - The Empire Strikes Back - Irvin Kershner
16. The Matrix - Lana Wachowski
17. Goodfellas - Martin Scorsese
18. One Flew Over the Cuckoo's Nest - Milos Forman
19. Se7en - David Fincher
20. It's a Wonderful Life - Frank Capra
21. Seven Samurai - Akira Kurosawa
22. Interstellar - Christopher Nolan
23. The Silence of the Lambs - Jonathan Demme
24. Saving Private Ryan - Steven Spielberg
25. City of God - Fernando Meirelles
26. Life Is Beautiful - Roberto Benigni
27. Spider-Man: Across the Spider-Verse - Joaquim Dos Santos
28. The Green Mile - Frank Darabont
29. Star Wars: Episode IV - A New Hope - George Lucas
30. Terminator 2: Judgment Day - James Cameron
31. Back to the Future - Robert Zemeckis
32. Spirited Away - Hayao Miyazaki
33. The Pianist - Roman Polanski
34. Psycho - Alfred Hitchcock
35. Parasite - Bong Joon Ho
36. Gladiator - Ridley Scott
37. The Lion King - Roger Allers
38. Léon: The Professional - Luc Besson
39. American History X - Tony Kaye
40. The Departed - Martin Scorsese
41. Whiplash - Damien Chazelle
42. The Prestige - Christopher Nolan
43. The Usual Suspects - Bryan Singer
44. Grave of the Fireflies - Isao Takahata
45. Harakiri - Masaki Kobayashi
46. Casablanca - Michael Curtiz
47. The Intouchables - Olivier Nakache
48. Modern Times - Charles Chaplin
49. Cinema Paradiso - Giuseppe Tornatore
50. Once Upon a Time in the West - Sergio Leone
51. Rear Window - Alfred Hitchcock
52. Alien - Ridley Scott
53. City Lights - Charles Chaplin
54. Apocalypse Now - Francis Ford Coppola
55. Django Unchained - Quentin Tarantino
56. Memento - Christopher Nolan
57. Raiders of the Lost Ark - Steven Spielberg
58. WALL·E - Andrew Stanton
59. Oppenheimer - Christopher Nolan
60. The Lives of Others - Florian Henckel von Donnersmarck
61. Sunset Blvd. - Billy Wilder
62. Paths of Glory - Stanley Kubrick
63. Avengers: Infinity War - Anthony Russo
64. The Shining - Stanley Kubrick
65. The Great Dictator - Charles Chaplin
66. Witness for the Prosecution - Billy Wilder
67. Spider-Man: Into the Spider-Verse - Bob Persichetti
68. Aliens - James Cameron
69. Inglourious Basterds - Quentin Tarantino
70. The Dark Knight Rises - Christopher Nolan
71. American Beauty - Sam Mendes
72. Dr. Strangelove or: How I Learned to Stop Worrying and Love the Bomb - Stanley Kubrick
73. Oldboy - Park Chan-wook
74. Coco - Lee Unkrich
75. Amadeus - Milos Forman
76. Toy Story - John Lasseter
77. Das Boot - Wolfgang Petersen
78. Braveheart - Mel Gibson
79. Avengers: Endgame - Anthony Russo
80. Joker - Todd Phillips
81. Princess Mononoke - Hayao Miyazaki
82. Good Will Hunting - Gus Van Sant
83. Your Name. - Makoto Shinkai
84. Once Upon a Time in America - Sergio Leone
85. High and Low - Akira Kurosawa
86. 3 Idiots - Rajkumar Hirani
87. Singin' in the Rain - Stanley Donen
88. Capernaum - Nadine Labaki
89. Requiem for a Dream - Darren Aronofsky
90. Come and See - Elem Klimov
91. Toy Story 3 - Lee Unkrich
92. Star Wars: Episode VI - Return of the Jedi - Richard Marquand
93. Eternal Sunshine of the Spotless Mind - Michel Gondry
94. 2001: A Space Odyssey - Stanley Kubrick
95. The Hunt - Thomas Vinterberg
96. Reservoir Dogs - Quentin Tarantino
97. Ikiru - Akira Kurosawa
98. Lawrence of Arabia - David Lean
99. The Apartment - Billy Wilder
100. Citizen Kane - Orson Welles
101. M - Fritz Lang
102. North by Northwest - Alfred Hitchcock
103. Vertigo - Alfred Hitchcock
104. Double Indemnity - Billy Wilder
105. Amélie - Jean-Pierre Jeunet
106. Scarface - Brian De Palma
107. Full Metal Jacket - Stanley Kubrick
108. A Clockwork Orange - Stanley Kubrick
109. Incendies - Denis Villeneuve
110. Heat - Michael Mann
111. Up - Pete Docter
112. To Kill a Mockingbird - Robert Mulligan
113. Hamilton - Thomas Kail
114. The Sting - George Roy Hill
115. A Separation - Asghar Farhadi
116. Indiana Jones and the Last Crusade - Steven Spielberg
117. Metropolis - Fritz Lang
118. Die Hard - John McTiernan
119. Like Stars on Earth - Aamir Khan
120. Snatch - Guy Ritchie
121. Bicycle Thieves - Vittorio De Sica
122. L.A. Confidential - Curtis Hanson
123. Taxi Driver - Martin Scorsese
124. 1917 - Sam Mendes
125. Downfall - Oliver Hirschbiegel
126. Dangal - Nitesh Tiwari
127. For a Few Dollars More - Sergio Leone
128. Batman Begins - Christopher Nolan
129. Top Gun: Maverick - Joseph Kosinski
130. Some Like It Hot - Billy Wilder
131. The Kid - Charles Chaplin
132. The Wolf of Wall Street - Martin Scorsese
133. The Father - Florian Zeller
134. Green Book - Peter Farrelly
135. All About Eve - Joseph L. Mankiewicz
136. Judgment at Nuremberg - Stanley Kramer
137. The Truman Show - Peter Weir
138. There Will Be Blood - Paul Thomas Anderson
139. Casino - Martin Scorsese
140. Ran - Akira Kurosawa
141. Shutter Island - Martin Scorsese
142. Pan's Labyrinth - Guillermo del Toro
143. Jurassic Park - Steven Spielberg
144. The Sixth Sense - M. Night Shyamalan
145. Unforgiven - Clint Eastwood
146. A Beautiful Mind - Ron Howard
147. No Country for Old Men - Ethan Coen
148. The Treasure of the Sierra Madre - John Huston
149. Yojimbo - Akira Kurosawa
150. Kill Bill: Vol. 1 - Quentin Tarantino
151. The Thing - John Carpenter
152. Monty Python and the Holy Grail - Terry Gilliam
153. The Great Escape - John Sturges
154. Finding Nemo - Andrew Stanton
155. Rashomon - Akira Kurosawa
156. The Elephant Man - David Lynch
157. Chinatown - Roman Polanski
158. Howl's Moving Castle - Hayao Miyazaki
159. Dial M for Murder - Alfred Hitchcock
160. Gone with the Wind - Victor Fleming
161. V for Vendetta - James McTeigue
162. Prisoners - Denis Villeneuve
163. Raging Bull - Martin Scorsese
164. Lock, Stock and Two Smoking Barrels - Guy Ritchie
165. The Secret in Their Eyes - Juan José Campanella
166. Inside Out - Pete Docter
167. Spider-Man: No Way Home - Jon Watts
168. Three Billboards Outside Ebbing, Missouri - Martin McDonagh
169. Trainspotting - Danny Boyle
170. The Bridge on the River Kwai - David Lean
171. Fargo - Joel Coen
172. Warrior - Gavin O'Connor
173. Catch Me If You Can - Steven Spielberg
174. Gran Torino - Clint Eastwood
175. My Neighbor Totoro - Hayao Miyazaki
176. Million Dollar Baby - Clint Eastwood
177. Klaus - Sergio Pablos
178. Harry Potter and the Deathly Hallows: Part 2 - David Yates
179. Children of Heaven - Majid Majidi
180. Blade Runner - Ridley Scott
181. 12 Years a Slave - Steve McQueen
182. Before Sunrise - Richard Linklater
183. The Grand Budapest Hotel - Wes Anderson
184. Ben-Hur - William Wyler
185. The Gold Rush - Charles Chaplin
186. Barry Lyndon - Stanley Kubrick
187. Gone Girl - David Fincher
188. Hacksaw Ridge - Mel Gibson
189. In the Name of the Father - Jim Sheridan
190. On the Waterfront - Elia Kazan
191. Memories of Murder - Bong Joon Ho
192. The General - Clyde Bruckman
193. The Deer Hunter - Michael Cimino
194. Wild Strawberries - Ingmar Bergman
195. Wild Tales - Damián Szifron
196. The Third Man - Carol Reed
197. Dead Poets Society - Peter Weir
198. The Wages of Fear - Henri-Georges Clouzot
199. Sherlock Jr. - Buster Keaton
200. Mad Max: Fury Road - George Miller
201. Monsters, Inc. - Pete Docter
202. Mr. Smith Goes to Washington - Frank Capra
203. Jaws - Steven Spielberg
204. How to Train Your Dragon - Dean DeBlois
205. Mary and Max - Adam Elliot
206. Ford v Ferrari - James Mangold
207. The Seventh Seal - Ingmar Bergman
208. Room - Lenny Abrahamson
209. The Big Lebowski - Joel Coen
210. Ratatouille - Brad Bird
211. Tokyo Story - Yasujirô Ozu
212. Rocky - John G. Avildsen
213. Hotel Rwanda - Terry George
214. Logan - James Mangold
215. Spotlight - Tom McCarthy
216. Platoon - Oliver Stone
217. The Passion of Joan of Arc - Carl Theodor Dreyer
218. The Terminator - James Cameron
219. Jai Bhim - T.J. Gnanavel
220. Before Sunset - Richard Linklater
221. Rush - Ron Howard
222. Network - Sidney Lumet
223. The Exorcist - William Friedkin
224. The Best Years of Our Lives - William Wyler
225. Stand by Me - Rob Reiner
226. La haine - Mathieu Kassovitz
227. The Wizard of Oz - Victor Fleming
228. Pirates of the Caribbean: The Curse of the Black Pearl - Gore Verbinski
229. The Incredibles - Brad Bird
230. Into the Wild - Sean Penn
231. Hachi: A Dog's Tale - Lasse Hallström
232. My Father and My Son - Çagan Irmak
233. To Be or Not to Be - Ernst Lubitsch
234. The Handmaiden - Park Chan-wook
235. Groundhog Day - Harold Ramis
236. The Battle of Algiers - Gillo Pontecorvo
237. The Grapes of Wrath - John Ford
238. Amores Perros - Alejandro G. Iñárritu
239. The Sound of Music - Robert Wise
240. Rebecca - Alfred Hitchcock
241. Cool Hand Luke - Stuart Rosenberg
242. The Iron Giant - Brad Bird
243. Pather Panchali - Satyajit Ray
244. It Happened One Night - Frank Capra
245. The Help - Tate Taylor
246. The 400 Blows - François Truffaut
247. Aladdin - Ron Clements
248. Dances with Wolves - Kevin Costner
249. Drishyam - Nishikant Kamat
250. Life of Brian - Terry Jones
Time for script using requests library: 485.5557882785797 seconds.
Time for script using grequests library: 236.72016787528992 seconds.